<?xml version="1.0" encoding="UTF-8"?>
<!-- Generated by org.testng.reporters.JUnitReportReporter -->
<testsuite hostname="LAPTOP-RNF7R3U9" failures="0" tests="1" name="com.test.RestTest2" time="2.465" errors="0" timestamp="2021-07-14T08:18:15 EDT" skipped="0">
  <testcase classname="com.test.RestTest2" name="test" time="2.465"/>
  <system-out/>
</testsuite> <!-- com.test.RestTest2 -->
