<?xml version="1.0" encoding="UTF-8"?>
<!-- Generated by org.testng.reporters.JUnitReportReporter -->
<testsuite hostname="LAPTOP-RNF7R3U9" failures="0" tests="1" name="com.test.RestTestComplexPOJO" time="3.227" errors="0" timestamp="2021-07-26T17:10:29 EDT" skipped="0">
  <testcase classname="com.test.RestTestComplexPOJO" name="test" time="3.227"/>
  <system-out/>
</testsuite> <!-- com.test.RestTestComplexPOJO -->
