<?xml version="1.0" encoding="UTF-8"?>
<!-- Generated by org.testng.reporters.JUnitReportReporter -->
<testsuite hostname="LAPTOP-RNF7R3U9" failures="0" tests="1" name="com.test.RestTestComplexPOJO2" time="3.273" errors="0" timestamp="2021-07-26T08:31:21 EDT" skipped="0">
  <testcase classname="com.test.RestTestComplexPOJO2" name="test" time="3.273"/>
  <system-out/>
</testsuite> <!-- com.test.RestTestComplexPOJO2 -->
