<?xml version="1.0" encoding="UTF-8"?>
<!-- Generated by org.testng.reporters.JUnitReportReporter -->
<testsuite hostname="LAPTOP-RNF7R3U9" failures="0" tests="1" name="com.test.RestTest" time="2.061" errors="0" timestamp="2021-07-22T19:26:56 EDT" skipped="0">
  <testcase classname="com.test.RestTest" name="test" time="2.061"/>
  <system-out/>
</testsuite> <!-- com.test.RestTest -->
